<?xml version="1.0" encoding="UTF-8"?>
<testng-results ignored="0" total="1" passed="1" failed="0" skipped="0">
  <reporter-output>
    <line>
      <![CDATA[Open the web application]]>
    </line>
  </reporter-output>
  <suite started-at="2024-08-25T09:07:50 IST" name="Default suite" finished-at="2024-08-25T09:08:07 IST" duration-ms="17108">
    <groups>
    </groups>
    <test started-at="2024-08-25T09:07:50 IST" name="Default test" finished-at="2024-08-25T09:08:07 IST" duration-ms="17108">
      <class name="com.sauce.testCases.homePage_TestCases">
        <test-method is-config="true" signature="beforeMethod()[pri:0, instance:com.sauce.testCases.homePage_TestCases@20140db9]" started-at="2024-08-25T09:07:50 IST" name="beforeMethod" finished-at="2024-08-25T09:07:59 IST" duration-ms="8603" status="PASS">
          <reporter-output>
            <line>
              <![CDATA[Open the web application]]>
            </line>
          </reporter-output>
        </test-method> <!-- beforeMethod -->
        <test-method signature="allInHomePage()[pri:-1, instance:com.sauce.testCases.homePage_TestCases@20140db9]" started-at="2024-08-25T09:07:59 IST" name="allInHomePage" finished-at="2024-08-25T09:08:07 IST" duration-ms="8423" status="PASS">
          <reporter-output>
          </reporter-output>
        </test-method> <!-- allInHomePage -->
        <test-method is-config="true" signature="tearDown(org.testng.ITestResult)[pri:0, instance:com.sauce.testCases.homePage_TestCases@20140db9]" started-at="2024-08-25T09:08:07 IST" name="tearDown" finished-at="2024-08-25T09:08:07 IST" duration-ms="3" status="PASS">
          <params>
            <param index="0">
              <value>
                <![CDATA[[TestResult name=allInHomePage status=SUCCESS method=homePage_TestCases.allInHomePage()[pri:-1, instance:com.sauce.testCases.homePage_TestCases@20140db9] output={null}]]]>
              </value>
            </param>
          </params>
          <reporter-output>
          </reporter-output>
        </test-method> <!-- tearDown -->
      </class> <!-- com.sauce.testCases.homePage_TestCases -->
    </test> <!-- Default test -->
  </suite> <!-- Default suite -->
</testng-results>
